

Microchip Technology PIC LITE Macro Assembler V1.40 build -251452761 
                                                                                               Sat Jan 21 17:10:38 2017

Microchip Technology Omniscient Code Generator v1.40 (Free mode) build 201612010151
     1                           	processor	16F877A
     2                           	opt	pw 120
     3                           	opt	lm
     4                           	psect	cinit,global,class=CODE,merge=1,delta=2
     5                           	psect	cstackCOMMON,global,class=COMMON,space=1,delta=1
     6                           	psect	maintext,global,class=CODE,split=1,delta=2
     7                           	dabs	1,0x7E,2
     8  0000                     
     9                           ; Version 1.40
    10                           ; Generated 01/12/2016 GMT
    11                           ; 
    12                           ; Copyright © 2016, Microchip Technology Inc. and its subsidiaries ("Microchip")
    13                           ; All rights reserved.
    14                           ; 
    15                           ; This software is developed by Microchip Technology Inc. and its subsidiaries ("Microch
      +                          ip").
    16                           ; 
    17                           ; Redistribution and use in source and binary forms, with or without modification, are
    18                           ; permitted provided that the following conditions are met:
    19                           ; 
    20                           ;     1. Redistributions of source code must retain the above copyright notice, this lis
      +                          t of
    21                           ;        conditions and the following disclaimer.
    22                           ; 
    23                           ;     2. Redistributions in binary form must reproduce the above copyright notice, this 
      +                          list
    24                           ;        of conditions and the following disclaimer in the documentation and/or other
    25                           ;        materials provided with the distribution.
    26                           ; 
    27                           ;     3. Microchip's name may not be used to endorse or promote products derived from th
      +                          is
    28                           ;        software without specific prior written permission.
    29                           ; 
    30                           ; THIS SOFTWARE IS PROVIDED BY MICROCHIP "AS IS" AND ANY EXPRESS OR IMPLIED WARRANTIES,
    31                           ; INCLUDING, BUT NOT LIMITED TO, THE IMPLIED WARRANTIES OF MERCHANTABILITY AND FITNESS F
      +                          OR
    32                           ; PURPOSE ARE DISCLAIMED.  IN NO EVENT SHALL MICROCHIP BE LIABLE FOR ANY DIRECT, INDIREC
      +                          T,
    33                           ; INCIDENTAL, SPECIAL, EXEMPLARY, OR CONSEQUENTIAL DAMAGES (INCLUDING BUT NOT LIMITED TO
    34                           ; PROCUREMENT OF SUBSTITUTE GOODS OR SERVICES; LOSS OF USE, DATA OR PROFITS; OR BUSINESS
    35                           ; INTERRUPTION) HOWSOEVER CAUSED AND ON ANY THEORY OF LIABILITY, WHETHER IN CONTRACT, ST
      +                          RICT
    36                           ; LIABILITY, OR TORT (INCLUDING NEGLIGENCE OR OTHERWISE) ARISING IN ANY WAY OUT OF THE U
      +                          SE OF
    37                           ; THIS SOFTWARE, EVEN IF ADVISED OF THE POSSIBILITY OF SUCH DAMAGE.
    38                           ; 
    39                           ; 
    40                           ; Code-generator required, PIC16F877A Definitions
    41                           ; 
    42                           ; SFR Addresses
    43  0000                     	;# 
    44  0001                     	;# 
    45  0002                     	;# 
    46  0003                     	;# 
    47  0004                     	;# 
    48  0005                     	;# 
    49  0006                     	;# 
    50  0007                     	;# 
    51  0008                     	;# 
    52  0009                     	;# 
    53  000A                     	;# 
    54  000B                     	;# 
    55  000C                     	;# 
    56  000D                     	;# 
    57  000E                     	;# 
    58  000E                     	;# 
    59  000F                     	;# 
    60  0010                     	;# 
    61  0011                     	;# 
    62  0012                     	;# 
    63  0013                     	;# 
    64  0014                     	;# 
    65  0015                     	;# 
    66  0015                     	;# 
    67  0016                     	;# 
    68  0017                     	;# 
    69  0018                     	;# 
    70  0019                     	;# 
    71  001A                     	;# 
    72  001B                     	;# 
    73  001B                     	;# 
    74  001C                     	;# 
    75  001D                     	;# 
    76  001E                     	;# 
    77  001F                     	;# 
    78  0081                     	;# 
    79  0085                     	;# 
    80  0086                     	;# 
    81  0087                     	;# 
    82  0088                     	;# 
    83  0089                     	;# 
    84  008C                     	;# 
    85  008D                     	;# 
    86  008E                     	;# 
    87  0091                     	;# 
    88  0092                     	;# 
    89  0093                     	;# 
    90  0094                     	;# 
    91  0098                     	;# 
    92  0099                     	;# 
    93  009C                     	;# 
    94  009D                     	;# 
    95  009E                     	;# 
    96  009F                     	;# 
    97  010C                     	;# 
    98  010D                     	;# 
    99  010E                     	;# 
   100  010F                     	;# 
   101  018C                     	;# 
   102  018D                     	;# 
   103  0008                     _PORTD	set	8
   104  0008                     _PORTDbits	set	8
   105  0088                     _TRISD	set	136
   106  0089                     _TRISEbits	set	137
   107                           
   108                           ; #config settings
   109  0000                     
   110                           	psect	cinit
   111  07FC                     start_initialization:	
   112  07FC                     __initialization:	
   113  07FC                     end_of_initialization:	
   114                           ;End of C runtime variable initialization code
   115                           
   116  07FC                     __end_of__initialization:	
   117  07FC  0183               	clrf	3
   118  07FD  120A  118A  2FD4   	ljmp	_main	;jump to C main() function
   119                           
   120                           	psect	cstackCOMMON
   121  0070                     __pcstackCOMMON:	
   122  0070                     ?_main:	
   123  0070                     ??_main:	
   124                           ; 1 bytes @ 0x0
   125                           
   126                           
   127                           ; 1 bytes @ 0x0
   128  0070                     	ds	3
   129                           
   130                           	psect	maintext
   131  07D4                     __pmaintext:	
   132 ;;
   133 ;;Main: autosize = 0, tempsize = 3, incstack = 0, save=0
   134 ;;
   135 ;; *************** function _main *****************
   136 ;; Defined at:
   137 ;;		line 22 in file "newmain.c"
   138 ;; Parameters:    Size  Location     Type
   139 ;;		None
   140 ;; Auto vars:     Size  Location     Type
   141 ;;		None
   142 ;; Return value:  Size  Location     Type
   143 ;;                  1    wreg      void 
   144 ;; Registers used:
   145 ;;		wreg, status,2
   146 ;; Tracked objects:
   147 ;;		On entry : B00/0
   148 ;;		On exit  : 0/0
   149 ;;		Unchanged: 0/0
   150 ;; Data sizes:     COMMON   BANK0   BANK1   BANK3   BANK2
   151 ;;      Params:         0       0       0       0       0
   152 ;;      Locals:         0       0       0       0       0
   153 ;;      Temps:          3       0       0       0       0
   154 ;;      Totals:         3       0       0       0       0
   155 ;;Total ram usage:        3 bytes
   156 ;; This function calls:
   157 ;;		Nothing
   158 ;; This function is called by:
   159 ;;		Startup code after reset
   160 ;; This function uses a non-reentrant model
   161 ;;
   162                           
   163                           
   164                           ;psect for function _main
   165  07D4                     _main:	
   166                           
   167                           ;newmain.c: 23: TRISD = 0x00;
   168                           
   169                           ;incstack = 0
   170                           ; Regs used in _main: [wreg+status,2]
   171  07D4  1683               	bsf	3,5	;RP0=1, select bank1
   172  07D5  1303               	bcf	3,6	;RP1=0, select bank1
   173  07D6  0188               	clrf	8	;volatile
   174                           
   175                           ;newmain.c: 24: TRISEbits.PSPMODE = 0;
   176  07D7  1209               	bcf	9,4	;volatile
   177                           
   178                           ;newmain.c: 26: PORTD = 0x00;
   179  07D8  1283               	bcf	3,5	;RP0=0, select bank0
   180  07D9  1303               	bcf	3,6	;RP1=0, select bank0
   181  07DA  0188               	clrf	8	;volatile
   182  07DB                     l480:	
   183                           ;newmain.c: 28: while(1) {
   184                           
   185                           
   186                           ;newmain.c: 29: PORTDbits.RD0 = 1;
   187  07DB  1283               	bcf	3,5	;RP0=0, select bank0
   188  07DC  1303               	bcf	3,6	;RP1=0, select bank0
   189  07DD  1408               	bsf	8,0	;volatile
   190                           
   191                           ;newmain.c: 30: _delay((unsigned long)((100)*(20000000/4000.0)));
   192  07DE  3003               	movlw	3
   193  07DF  00F2               	movwf	??_main+2
   194  07E0  308A               	movlw	138
   195  07E1  00F1               	movwf	??_main+1
   196  07E2  3055               	movlw	85
   197  07E3  00F0               	movwf	??_main
   198  07E4                     u17:	
   199  07E4  0BF0               	decfsz	??_main,f
   200  07E5  2FE4               	goto	u17
   201  07E6  0BF1               	decfsz	??_main+1,f
   202  07E7  2FE4               	goto	u17
   203  07E8  0BF2               	decfsz	??_main+2,f
   204  07E9  2FE4               	goto	u17
   205  07EA  2FEB               	nop2
   206                           
   207                           ;newmain.c: 31: PORTDbits.RD0 = 0;
   208  07EB  1283               	bcf	3,5	;RP0=0, select bank0
   209  07EC  1303               	bcf	3,6	;RP1=0, select bank0
   210  07ED  1008               	bcf	8,0	;volatile
   211                           
   212                           ;newmain.c: 32: _delay((unsigned long)((100)*(20000000/4000.0)));
   213  07EE  3003               	movlw	3
   214  07EF  00F2               	movwf	??_main+2
   215  07F0  308A               	movlw	138
   216  07F1  00F1               	movwf	??_main+1
   217  07F2  3055               	movlw	85
   218  07F3  00F0               	movwf	??_main
   219  07F4                     u27:	
   220  07F4  0BF0               	decfsz	??_main,f
   221  07F5  2FF4               	goto	u27
   222  07F6  0BF1               	decfsz	??_main+1,f
   223  07F7  2FF4               	goto	u27
   224  07F8  0BF2               	decfsz	??_main+2,f
   225  07F9  2FF4               	goto	u27
   226  07FA  2FFB               	nop2
   227  07FB  2FDB               	goto	l480
   228  07FC                     __end_of_main:	
   229                           ;newmain.c: 33: }
   230                           ;newmain.c: 34: return;
   231                           
   232  007E                     btemp	set	126	;btemp
   233  007E                     wtemp0	set	126


Data Sizes:
    Strings     0
    Constant    0
    Data        0
    BSS         0
    Persistent  0
    Stack       0

Auto Spaces:
    Space          Size  Autos    Used
    COMMON           14      3       3
    BANK0            80      0       0
    BANK1            80      0       0
    BANK3            96      0       0
    BANK2            96      0       0

Pointer List with Targets:

    None.

Critical Paths under _main in COMMON

    None.

Critical Paths under _main in BANK0

    None.

Critical Paths under _main in BANK1

    None.

Critical Paths under _main in BANK3

    None.

Critical Paths under _main in BANK2

    None.

Call Graph Tables:

 ---------------------------------------------------------------------------------
 (Depth) Function   	        Calls       Base Space   Used Autos Params    Refs
 ---------------------------------------------------------------------------------
 (0) _main                                                 3     3      0       0
                                              0 COMMON     3     3      0
 ---------------------------------------------------------------------------------
 Estimated maximum stack depth 0
 ---------------------------------------------------------------------------------

 Call Graph Graphs:

 _main (ROOT)

 Address spaces:
Name               Size   Autos  Total    Cost      Usage
BITCOMMON            E      0       0       0        0.0%
EEDATA             100      0       0       0        0.0%
NULL                 0      0       0       0        0.0%
CODE                 0      0       0       0        0.0%
COMMON               E      3       3       1       21.4%
BITSFR0              0      0       0       1        0.0%
SFR0                 0      0       0       1        0.0%
BITSFR1              0      0       0       2        0.0%
SFR1                 0      0       0       2        0.0%
STACK                0      0       0       2        0.0%
ABS                  0      0       0       3        0.0%
BITBANK0            50      0       0       4        0.0%
BITSFR3              0      0       0       4        0.0%
SFR3                 0      0       0       4        0.0%
BANK0               50      0       0       5        0.0%
BITSFR2              0      0       0       5        0.0%
SFR2                 0      0       0       5        0.0%
BITBANK1            50      0       0       6        0.0%
BANK1               50      0       0       7        0.0%
BITBANK3            60      0       0       8        0.0%
BANK3               60      0       0       9        0.0%
BITBANK2            60      0       0      10        0.0%
BANK2               60      0       0      11        0.0%
DATA                 0      0       0      12        0.0%


Microchip Technology PIC Macro Assembler V1.40 build -251452761 
Symbol Table                                                                                   Sat Jan 21 17:10:38 2017

            __CFG_CP$OFF 0000                       u17 07E4                       u27 07F4  
                    l480 07DB             __CFG_CPD$OFF 0000             __CFG_FOSC$HS 0000  
           __CFG_LVP$OFF 0000             __CFG_WRT$OFF 0000                     _main 07D4  
                   btemp 007E                     start 0000                    ?_main 0070  
          __CFG_WDTE$OFF 0000                    _PORTD 0008                    _TRISD 0088  
         __CFG_BOREN$OFF 0000                    status 0003                    wtemp0 007E  
        __initialization 07FC             __end_of_main 07FC                   ??_main 0070  
         __CFG_PWRTE$OFF 0000  __end_of__initialization 07FC           __pcstackCOMMON 0070  
             __pmaintext 07D4     end_of_initialization 07FC                _PORTDbits 0008  
              _TRISEbits 0089      start_initialization 07FC                ___latbits 0002  
          __size_of_main 0028  
