

Microchip Technology PIC LITE Macro Assembler V1.40 build -251452761 
                                                                                               Thu Jul 18 14:19:24 2019

Microchip Technology Omniscient Code Generator v1.40 (Free mode) build 201612010151
     1                           	processor	16F877A
     2                           	opt	pw 120
     3                           	opt	lm
     4                           	psect	cinit,global,class=CODE,merge=1,delta=2
     5                           	psect	bssCOMMON,global,class=COMMON,space=1,delta=1
     6                           	psect	cstackCOMMON,global,class=COMMON,space=1,delta=1
     7                           	psect	maintext,global,class=CODE,split=1,delta=2
     8                           	psect	text1,local,class=CODE,merge=1,delta=2
     9                           	psect	intentry,global,class=CODE,delta=2
    10                           	dabs	1,0x7E,2
    11  0000                     
    12                           ; Version 1.40
    13                           ; Generated 01/12/2016 GMT
    14                           ; 
    15                           ; Copyright Â© 2016, Microchip Technology Inc. and its subsidiaries ("Microchip")
    16                           ; All rights reserved.
    17                           ; 
    18                           ; This software is developed by Microchip Technology Inc. and its subsidiaries ("Microch
      +                          ip").
    19                           ; 
    20                           ; Redistribution and use in source and binary forms, with or without modification, are
    21                           ; permitted provided that the following conditions are met:
    22                           ; 
    23                           ;     1. Redistributions of source code must retain the above copyright notice, this lis
      +                          t of
    24                           ;        conditions and the following disclaimer.
    25                           ; 
    26                           ;     2. Redistributions in binary form must reproduce the above copyright notice, this 
      +                          list
    27                           ;        of conditions and the following disclaimer in the documentation and/or other
    28                           ;        materials provided with the distribution.
    29                           ; 
    30                           ;     3. Microchip's name may not be used to endorse or promote products derived from th
      +                          is
    31                           ;        software without specific prior written permission.
    32                           ; 
    33                           ; THIS SOFTWARE IS PROVIDED BY MICROCHIP "AS IS" AND ANY EXPRESS OR IMPLIED WARRANTIES,
    34                           ; INCLUDING, BUT NOT LIMITED TO, THE IMPLIED WARRANTIES OF MERCHANTABILITY AND FITNESS F
      +                          OR
    35                           ; PURPOSE ARE DISCLAIMED.  IN NO EVENT SHALL MICROCHIP BE LIABLE FOR ANY DIRECT, INDIREC
      +                          T,
    36                           ; INCIDENTAL, SPECIAL, EXEMPLARY, OR CONSEQUENTIAL DAMAGES (INCLUDING BUT NOT LIMITED TO
    37                           ; PROCUREMENT OF SUBSTITUTE GOODS OR SERVICES; LOSS OF USE, DATA OR PROFITS; OR BUSINESS
    38                           ; INTERRUPTION) HOWSOEVER CAUSED AND ON ANY THEORY OF LIABILITY, WHETHER IN CONTRACT, ST
      +                          RICT
    39                           ; LIABILITY, OR TORT (INCLUDING NEGLIGENCE OR OTHERWISE) ARISING IN ANY WAY OUT OF THE U
      +                          SE OF
    40                           ; THIS SOFTWARE, EVEN IF ADVISED OF THE POSSIBILITY OF SUCH DAMAGE.
    41                           ; 
    42                           ; 
    43                           ; Code-generator required, PIC16F877A Definitions
    44                           ; 
    45                           ; SFR Addresses
    46  0000                     	;# 
    47  0001                     	;# 
    48  0002                     	;# 
    49  0003                     	;# 
    50  0004                     	;# 
    51  0005                     	;# 
    52  0006                     	;# 
    53  0007                     	;# 
    54  0008                     	;# 
    55  0009                     	;# 
    56  000A                     	;# 
    57  000B                     	;# 
    58  000C                     	;# 
    59  000D                     	;# 
    60  000E                     	;# 
    61  000E                     	;# 
    62  000F                     	;# 
    63  0010                     	;# 
    64  0011                     	;# 
    65  0012                     	;# 
    66  0013                     	;# 
    67  0014                     	;# 
    68  0015                     	;# 
    69  0015                     	;# 
    70  0016                     	;# 
    71  0017                     	;# 
    72  0018                     	;# 
    73  0019                     	;# 
    74  001A                     	;# 
    75  001B                     	;# 
    76  001B                     	;# 
    77  001C                     	;# 
    78  001D                     	;# 
    79  001E                     	;# 
    80  001F                     	;# 
    81  0081                     	;# 
    82  0085                     	;# 
    83  0086                     	;# 
    84  0087                     	;# 
    85  0088                     	;# 
    86  0089                     	;# 
    87  008C                     	;# 
    88  008D                     	;# 
    89  008E                     	;# 
    90  0091                     	;# 
    91  0092                     	;# 
    92  0093                     	;# 
    93  0094                     	;# 
    94  0098                     	;# 
    95  0099                     	;# 
    96  009C                     	;# 
    97  009D                     	;# 
    98  009E                     	;# 
    99  009F                     	;# 
   100  010C                     	;# 
   101  010D                     	;# 
   102  010E                     	;# 
   103  010F                     	;# 
   104  018C                     	;# 
   105  018D                     	;# 
   106  000B                     _INTCONbits	set	11
   107  0005                     _PORTAbits	set	5
   108  0008                     _PORTD	set	8
   109  0001                     _TMR0	set	1
   110  009F                     _ADCON1	set	159
   111  0081                     _OPTION_REGbits	set	129
   112  0085                     _TRISA	set	133
   113  0088                     _TRISD	set	136
   114                           
   115                           ; #config settings
   116  0000                     
   117                           	psect	cinit
   118  0015                     start_initialization:	
   119  0015                     __initialization:	
   120                           
   121                           ; Clear objects allocated to COMMON
   122  0015  01F5               	clrf	__pbssCOMMON& (0+127)
   123  0016                     end_of_initialization:	
   124                           ;End of C runtime variable initialization code
   125                           
   126  0016                     __end_of__initialization:	
   127  0016  0183               	clrf	3
   128  0017  120A  118A  283A   	ljmp	_main	;jump to C main() function
   129                           
   130                           	psect	bssCOMMON
   131  0075                     __pbssCOMMON:	
   132  0075                     _i:	
   133  0075                     	ds	1
   134                           
   135                           	psect	cstackCOMMON
   136  0070                     __pcstackCOMMON:	
   137  0070                     ?_sinyal:	
   138  0070                     ??_sinyal:	
   139                           ; 1 bytes @ 0x0
   140                           
   141  0070                     ?_main:	
   142                           ; 1 bytes @ 0x0
   143                           
   144                           
   145                           ; 1 bytes @ 0x0
   146  0070                     	ds	5
   147  0075                     ??_main:	
   148                           
   149                           	psect	maintext
   150  003A                     __pmaintext:	
   151                           ; 1 bytes @ 0x5
   152 ;;
   153 ;;Main: autosize = 0, tempsize = 0, incstack = 0, save=0
   154 ;;
   155 ;; *************** function _main *****************
   156 ;; Defined at:
   157 ;;		line 27 in file "tmr0sayýcý.c"
   158 ;; Parameters:    Size  Location     Type
   159 ;;		None
   160 ;; Auto vars:     Size  Location     Type
   161 ;;		None
   162 ;; Return value:  Size  Location     Type
   163 ;;                  1    wreg      void 
   164 ;; Registers used:
   165 ;;		wreg, status,2
   166 ;; Tracked objects:
   167 ;;		On entry : B00/0
   168 ;;		On exit  : 0/0
   169 ;;		Unchanged: 0/0
   170 ;; Data sizes:     COMMON   BANK0   BANK1   BANK3   BANK2
   171 ;;      Params:         0       0       0       0       0
   172 ;;      Locals:         0       0       0       0       0
   173 ;;      Temps:          0       0       0       0       0
   174 ;;      Totals:         0       0       0       0       0
   175 ;;Total ram usage:        0 bytes
   176 ;; Hardware stack levels required when called:    1
   177 ;; This function calls:
   178 ;;		Nothing
   179 ;; This function is called by:
   180 ;;		Startup code after reset
   181 ;; This function uses a non-reentrant model
   182 ;;
   183                           
   184                           
   185                           ;psect for function _main
   186  003A                     _main:	
   187                           
   188                           ;tmr0sayýcý.c: 28: OPTION_REGbits.T0CS = 1;
   189                           
   190                           ;incstack = 0
   191                           ; Regs used in _main: [wreg+status,2]
   192  003A  1683               	bsf	3,5	;RP0=1, select bank1
   193  003B  1303               	bcf	3,6	;RP1=0, select bank1
   194  003C  1681               	bsf	1,5	;volatile
   195                           
   196                           ;tmr0sayýcý.c: 29: OPTION_REGbits.T0SE = 1;
   197  003D  1601               	bsf	1,4	;volatile
   198                           
   199                           ;tmr0sayýcý.c: 30: OPTION_REGbits.PSA = 1;
   200  003E  1581               	bsf	1,3	;volatile
   201                           
   202                           ;tmr0sayýcý.c: 34: OPTION_REGbits.PS0 = 0;
   203  003F  1001               	bcf	1,0	;volatile
   204                           
   205                           ;tmr0sayýcý.c: 35: OPTION_REGbits.PS1 = 0;
   206  0040  1081               	bcf	1,1	;volatile
   207                           
   208                           ;tmr0sayýcý.c: 36: OPTION_REGbits.PS2 = 0;
   209  0041  1101               	bcf	1,2	;volatile
   210                           
   211                           ;tmr0sayýcý.c: 37: TMR0 = 255;
   212  0042  30FF               	movlw	255
   213  0043  1283               	bcf	3,5	;RP0=0, select bank0
   214  0044  1303               	bcf	3,6	;RP1=0, select bank0
   215  0045  0081               	movwf	1	;volatile
   216                           
   217                           ;tmr0sayýcý.c: 38: INTCONbits.TMR0IE = 1;
   218  0046  168B               	bsf	11,5	;volatile
   219                           
   220                           ;tmr0sayýcý.c: 39: INTCONbits.GIE = 1;
   221  0047  178B               	bsf	11,7	;volatile
   222                           
   223                           ;tmr0sayýcý.c: 40: TRISA = 0x10;
   224  0048  3010               	movlw	16
   225  0049  1683               	bsf	3,5	;RP0=1, select bank1
   226  004A  1303               	bcf	3,6	;RP1=0, select bank1
   227  004B  0085               	movwf	5	;volatile
   228                           
   229                           ;tmr0sayýcý.c: 41: ADCON1 = 0x06;
   230  004C  3006               	movlw	6
   231  004D  009F               	movwf	31	;volatile
   232                           
   233                           ;tmr0sayýcý.c: 42: TRISD = 0x00;
   234  004E  0188               	clrf	8	;volatile
   235                           
   236                           ;tmr0sayýcý.c: 43: PORTD = 0x00;
   237  004F  1283               	bcf	3,5	;RP0=0, select bank0
   238  0050  1303               	bcf	3,6	;RP1=0, select bank0
   239  0051  0188               	clrf	8	;volatile
   240  0052                     l25:	
   241                           ;tmr0sayýcý.c: 44: while(1) {
   242                           
   243                           
   244                           ;tmr0sayýcý.c: 45: PORTD = i;
   245  0052  0875               	movf	_i,w
   246  0053  0088               	movwf	8	;volatile
   247  0054  2852               	goto	l25
   248  0055                     __end_of_main:	
   249                           ;tmr0sayýcý.c: 46: }
   250                           ;tmr0sayýcý.c: 47: return;
   251                           
   252                           
   253                           	psect	text1
   254  001A                     __ptext1:	
   255 ;; *************** function _sinyal *****************
   256 ;; Defined at:
   257 ;;		line 18 in file "tmr0sayýcý.c"
   258 ;; Parameters:    Size  Location     Type
   259 ;;		None
   260 ;; Auto vars:     Size  Location     Type
   261 ;;		None
   262 ;; Return value:  Size  Location     Type
   263 ;;                  1    wreg      void 
   264 ;; Registers used:
   265 ;;		wreg, status,2, status,0
   266 ;; Tracked objects:
   267 ;;		On entry : 0/0
   268 ;;		On exit  : 0/0
   269 ;;		Unchanged: 0/0
   270 ;; Data sizes:     COMMON   BANK0   BANK1   BANK3   BANK2
   271 ;;      Params:         0       0       0       0       0
   272 ;;      Locals:         0       0       0       0       0
   273 ;;      Temps:          5       0       0       0       0
   274 ;;      Totals:         5       0       0       0       0
   275 ;;Total ram usage:        5 bytes
   276 ;; Hardware stack levels used:    1
   277 ;; This function calls:
   278 ;;		Nothing
   279 ;; This function is called by:
   280 ;;		Interrupt level 1
   281 ;; This function uses a non-reentrant model
   282 ;;
   283                           
   284                           
   285                           ;psect for function _sinyal
   286  001A                     _sinyal:	
   287                           
   288                           ;tmr0sayýcý.c: 19: if(INTCONbits.TMR0IF) {
   289  001A  1D0B               	btfss	11,2	;volatile
   290  001B  282F               	goto	i1l22
   291                           
   292                           ;tmr0sayýcý.c: 20: TMR0 = 255;
   293  001C  30FF               	movlw	255
   294  001D  0081               	movwf	1	;volatile
   295                           
   296                           ;tmr0sayýcý.c: 21: PORTAbits.RA0 =~ PORTAbits.RA0;
   297  001E  1003               	clrc
   298  001F  1C05               	btfss	5,0	;volatile
   299  0020  1403               	setc
   300  0021  1C03               	btfss	3,0
   301  0022  2827               	goto	u2_20
   302  0023  1283               	bcf	3,5	;RP0=0, select bank0
   303  0024  1303               	bcf	3,6	;RP1=0, select bank0
   304  0025  1405               	bsf	5,0	;volatile
   305  0026  282A               	goto	i1l498
   306  0027                     u2_20:	
   307  0027  1283               	bcf	3,5	;RP0=0, select bank0
   308  0028  1303               	bcf	3,6	;RP1=0, select bank0
   309  0029  1005               	bcf	5,0	;volatile
   310  002A                     i1l498:	
   311                           
   312                           ;tmr0sayýcý.c: 22: i++;
   313  002A  3001               	movlw	1
   314  002B  00F0               	movwf	??_sinyal
   315  002C  0870               	movf	??_sinyal,w
   316  002D  07F5               	addwf	_i,f
   317                           
   318                           ;tmr0sayýcý.c: 23: INTCONbits.TMR0IF = 0;
   319  002E  110B               	bcf	11,2	;volatile
   320  002F                     i1l22:	
   321  002F  0874               	movf	??_sinyal+4,w
   322  0030  00FF               	movwf	127
   323  0031  0873               	movf	??_sinyal+3,w
   324  0032  008A               	movwf	10
   325  0033  0872               	movf	??_sinyal+2,w
   326  0034  0084               	movwf	4
   327  0035  0E71               	swapf	(??_sinyal+1)^(0+-128),w
   328  0036  0083               	movwf	3
   329  0037  0EFE               	swapf	126,f
   330  0038  0E7E               	swapf	126,w
   331  0039  0009               	retfie
   332  003A                     __end_of_sinyal:	
   333  007E                     btemp	set	126	;btemp
   334  007E                     wtemp0	set	126
   335                           
   336                           	psect	intentry
   337  0004                     __pintentry:	
   338                           ;incstack = 0
   339                           ; Regs used in _sinyal: [wreg+status,2+status,0]
   340                           
   341  0004                     interrupt_function:	
   342  007E                     saved_w	set	btemp
   343  0004  00FE               	movwf	btemp
   344  0005  0E03               	swapf	3,w
   345  0006  00F1               	movwf	??_sinyal+1
   346  0007  0804               	movf	4,w
   347  0008  00F2               	movwf	??_sinyal+2
   348  0009  080A               	movf	10,w
   349  000A  00F3               	movwf	??_sinyal+3
   350  000B  1283               	bcf	3,5	;RP0=0, select bank0
   351  000C  1303               	bcf	3,6	;RP1=0, select bank0
   352  000D  087F               	movf	btemp+1,w
   353  000E  00F4               	movwf	??_sinyal+4
   354  000F  120A  118A  281A   	ljmp	_sinyal


Data Sizes:
    Strings     0
    Constant    0
    Data        0
    BSS         1
    Persistent  0
    Stack       0

Auto Spaces:
    Space          Size  Autos    Used
    COMMON           14      5       6
    BANK0            80      0       0
    BANK1            80      0       0
    BANK3            96      0       0
    BANK2            96      0       0

Pointer List with Targets:

    None.

Critical Paths under _main in COMMON

    None.

Critical Paths under _sinyal in COMMON

    None.

Critical Paths under _main in BANK0

    None.

Critical Paths under _sinyal in BANK0

    None.

Critical Paths under _main in BANK1

    None.

Critical Paths under _sinyal in BANK1

    None.

Critical Paths under _main in BANK3

    None.

Critical Paths under _sinyal in BANK3

    None.

Critical Paths under _main in BANK2

    None.

Critical Paths under _sinyal in BANK2

    None.

Call Graph Tables:

 ---------------------------------------------------------------------------------
 (Depth) Function   	        Calls       Base Space   Used Autos Params    Refs
 ---------------------------------------------------------------------------------
 (0) _main                                                 0     0      0       0
 ---------------------------------------------------------------------------------
 Estimated maximum stack depth 0
 ---------------------------------------------------------------------------------
 (Depth) Function   	        Calls       Base Space   Used Autos Params    Refs
 ---------------------------------------------------------------------------------
 (1) _sinyal                                               5     5      0       0
                                              0 COMMON     5     5      0
 ---------------------------------------------------------------------------------
 Estimated maximum stack depth 1
 ---------------------------------------------------------------------------------

 Call Graph Graphs:

 _main (ROOT)

 _sinyal (ROOT)

 Address spaces:
Name               Size   Autos  Total    Cost      Usage
BITCOMMON            E      0       0       0        0.0%
EEDATA             100      0       0       0        0.0%
NULL                 0      0       0       0        0.0%
CODE                 0      0       0       0        0.0%
COMMON               E      5       6       1       42.9%
BITSFR0              0      0       0       1        0.0%
SFR0                 0      0       0       1        0.0%
BITSFR1              0      0       0       2        0.0%
SFR1                 0      0       0       2        0.0%
STACK                0      0       0       2        0.0%
ABS                  0      0       6       3        0.0%
BITBANK0            50      0       0       4        0.0%
BITSFR3              0      0       0       4        0.0%
SFR3                 0      0       0       4        0.0%
BANK0               50      0       0       5        0.0%
BITSFR2              0      0       0       5        0.0%
SFR2                 0      0       0       5        0.0%
BITBANK1            50      0       0       6        0.0%
BANK1               50      0       0       7        0.0%
BITBANK3            60      0       0       8        0.0%
BANK3               60      0       0       9        0.0%
BITBANK2            60      0       0      10        0.0%
BANK2               60      0       0      11        0.0%
DATA                 0      0       6      12        0.0%


Microchip Technology PIC Macro Assembler V1.40 build -251452761 
Symbol Table                                                                                   Thu Jul 18 14:19:24 2019

                      _i 0075              __CFG_CP$OFF 0000                       l25 0052  
           __CFG_CPD$OFF 0000                      fsr0 0004             __CFG_FOSC$HS 0000  
           __CFG_LVP$OFF 0000                     i1l22 002F                     _TMR0 0001  
                   u2_20 0027             __CFG_WRT$OFF 0000                     _main 003A  
                   btemp 007E                     start 0012                    ?_main 0070  
          __CFG_WDTE$OFF 0000                    i1l498 002A                    _PORTD 0008  
                  _TRISA 0085                    _TRISD 0088           __CFG_BOREN$OFF 0000  
                  pclath 000A                    status 0003                    wtemp0 007E  
        __initialization 0015             __end_of_main 0055                   ??_main 0075  
                 _ADCON1 009F           __CFG_PWRTE$OFF 0000                   _sinyal 001A  
                 saved_w 007E  __end_of__initialization 0016           __pcstackCOMMON 0070  
         _OPTION_REGbits 0081               __pmaintext 003A               __pintentry 0004  
                ?_sinyal 0070                  __ptext1 001A          __size_of_sinyal 0020  
   end_of_initialization 0016                _PORTAbits 0005           __end_of_sinyal 003A  
    start_initialization 0015                 ??_sinyal 0070              __pbssCOMMON 0075  
              ___latbits 0002        interrupt_function 0004            __size_of_main 001B  
             _INTCONbits 000B                 intlevel1 0000  
